2022-05-30T10:47:59.483679+0800 | INFO |这是一条info日志
2022-05-30T10:47:59.483679+0800 | WARNING |这是一条warning日志
2022-05-30T10:47:59.483679+0800 | SUCCESS |这是一条success日志
2022-05-30T10:47:59.483679+0800 | ERROR |这是一条error日志
2022-05-30T10:49:50.386801+0800 | INFO |这是一条info日志|打印日志
2022-05-30T10:49:50.386801+0800 | WARNING |这是一条warning日志|打印日志
2022-05-30T10:49:50.386801+0800 | SUCCESS |这是一条success日志|打印日志
2022-05-30T10:49:50.387801+0800 | ERROR |这是一条error日志|打印日志
2022-05-30 at 10:51:21 | INFO | 这是一条info日志
2022-05-30 at 10:51:21 | WARNING | 这是一条warning日志
2022-05-30 at 10:51:21 | SUCCESS | 这是一条success日志
2022-05-30 at 10:51:21 | ERROR | 这是一条error日志
2022-05-30 at 10:54:37 | INFO | 这是一条info日志
2022-05-30 at 10:54:37 | WARNING | 这是一条warning日志
2022-05-30 at 10:54:37 | SUCCESS | 这是一条success日志
2022-05-30 at 10:54:37 | ERROR | 这是一条error日志
2022-05-30 at 10:54:37 | INFO | 我的名字叫张三
2022-05-30 at 10:55:17 | INFO | 这是一条info日志
2022-05-30 at 10:55:17 | WARNING | 这是一条warning日志
2022-05-30 at 10:55:17 | SUCCESS | 这是一条success日志
2022-05-30 at 10:55:17 | ERROR | 这是一条error日志
2022-05-30 at 10:55:17 | INFO | 我的名字叫张三,今年5年级
2022-05-30 at 11:04:52 | INFO | 这是一条info日志
2022-05-30 at 11:04:52 | WARNING | 这是一条warning日志
2022-05-30 at 11:04:52 | SUCCESS | 这是一条success日志
2022-05-30 at 11:04:52 | ERROR | 这是一条error日志
2022-05-30 at 11:04:52 | INFO | 我的名字叫sd
